<?xml version="1.0" encoding="UTF-8"?>
<!-- Generated by org.testng.reporters.JUnitReportReporter -->
<testsuite hostname="BRKAJLO" name="Test.TestDraggable" tests="1" failures="0" timestamp="9 Nov 2015 13:51:57 GMT" time="7.333" errors="0">
  <testcase name="test_drag_01" time="7.333" classname="Test.TestDraggable"/>
</testsuite> <!-- Test.TestDraggable -->
